[2025-09-13 14:48:01] codecanyon.INFO: array (
  'candidate-name' => 
  array (
    'data' => 'candidate-name',
    'name' => 'candidate-name',
    'title' => 'candidate name',
    'visible' => 'true',
    'orderable' => false,
  ),
)  
[2025-09-13 14:48:01] codecanyon.INFO: array (
  'candidate-name' => 
  array (
    'data' => 'candidate-name',
    'name' => 'candidate-name',
    'title' => 'candidate name',
    'visible' => 'true',
    'orderable' => false,
  ),
  'candidate-contact-details' => 
  array (
    'data' => 'candidate-contact-details',
    'name' => 'candidate-contact-details',
    'title' => 'Candidate contact details',
    'visible' => 'true',
    'orderable' => false,
  ),
)  
[2025-09-13 14:48:12] codecanyon.INFO: array (
  'candidate-name' => 
  array (
    'data' => 'candidate-name',
    'name' => 'candidate-name',
    'title' => 'candidate name',
    'visible' => 'true',
    'orderable' => false,
  ),
)  
[2025-09-13 14:48:12] codecanyon.INFO: array (
  'candidate-name' => 
  array (
    'data' => 'candidate-name',
    'name' => 'candidate-name',
    'title' => 'candidate name',
    'visible' => 'true',
    'orderable' => false,
  ),
  'candidate-contact-details' => 
  array (
    'data' => 'candidate-contact-details',
    'name' => 'candidate-contact-details',
    'title' => 'Candidate contact details',
    'visible' => 'true',
    'orderable' => false,
  ),
)  
[2025-09-13 14:49:01] codecanyon.INFO: array (
  'candidate-name' => 
  array (
    'data' => 'candidate-name',
    'name' => 'candidate-name',
    'title' => 'candidate name',
    'visible' => 'true',
    'orderable' => false,
  ),
)  
[2025-09-13 14:49:01] codecanyon.INFO: array (
  'candidate-name' => 
  array (
    'data' => 'candidate-name',
    'name' => 'candidate-name',
    'title' => 'candidate name',
    'visible' => 'true',
    'orderable' => false,
  ),
  'candidate-contact-details' => 
  array (
    'data' => 'candidate-contact-details',
    'name' => 'candidate-contact-details',
    'title' => 'Candidate contact details',
    'visible' => 'true',
    'orderable' => false,
  ),
)  
[2025-09-13 14:49:06] codecanyon.INFO: array (
  'candidate-name' => 
  array (
    'data' => 'candidate-name',
    'name' => 'candidate-name',
    'title' => 'candidate name',
    'visible' => 'true',
    'orderable' => false,
  ),
)  
[2025-09-13 14:49:06] codecanyon.INFO: array (
  'candidate-name' => 
  array (
    'data' => 'candidate-name',
    'name' => 'candidate-name',
    'title' => 'candidate name',
    'visible' => 'true',
    'orderable' => false,
  ),
  'candidate-contact-details' => 
  array (
    'data' => 'candidate-contact-details',
    'name' => 'candidate-contact-details',
    'title' => 'Candidate contact details',
    'visible' => 'true',
    'orderable' => false,
  ),
)  
[2025-09-13 14:50:00] codecanyon.INFO: array (
  'candidate-name' => 
  array (
    'data' => 'candidate-name',
    'name' => 'candidate-name',
    'title' => 'candidate name',
    'visible' => 'true',
    'orderable' => false,
  ),
)  
[2025-09-13 14:50:00] codecanyon.INFO: array (
  'candidate-name' => 
  array (
    'data' => 'candidate-name',
    'name' => 'candidate-name',
    'title' => 'candidate name',
    'visible' => 'true',
    'orderable' => false,
  ),
  'candidate-contact-details' => 
  array (
    'data' => 'candidate-contact-details',
    'name' => 'candidate-contact-details',
    'title' => 'Candidate contact details',
    'visible' => 'true',
    'orderable' => false,
  ),
)  
[2025-09-13 14:50:07] codecanyon.INFO: array (
  'candidate-name' => 
  array (
    'data' => 'candidate-name',
    'name' => 'candidate-name',
    'title' => 'candidate name',
    'visible' => 'true',
    'orderable' => false,
  ),
)  
[2025-09-13 14:50:07] codecanyon.INFO: array (
  'candidate-name' => 
  array (
    'data' => 'candidate-name',
    'name' => 'candidate-name',
    'title' => 'candidate name',
    'visible' => 'true',
    'orderable' => false,
  ),
  'candidate-contact-details' => 
  array (
    'data' => 'candidate-contact-details',
    'name' => 'candidate-contact-details',
    'title' => 'Candidate contact details',
    'visible' => 'true',
    'orderable' => false,
  ),
)  
