[2025-09-08 15:35:35] codecanyon.INFO: array (
  'candidate-name' => 
  array (
    'data' => 'candidate-name',
    'name' => 'candidate-name',
    'title' => 'candidate name',
    'visible' => 'true',
    'orderable' => false,
  ),
)  
[2025-09-08 15:35:35] codecanyon.INFO: array (
  'candidate-name' => 
  array (
    'data' => 'candidate-name',
    'name' => 'candidate-name',
    'title' => 'candidate name',
    'visible' => 'true',
    'orderable' => false,
  ),
  'candidate-contact-details' => 
  array (
    'data' => 'candidate-contact-details',
    'name' => 'candidate-contact-details',
    'title' => 'Candidate contact details',
    'visible' => 'true',
    'orderable' => false,
  ),
)  
[2025-09-08 15:36:07] codecanyon.INFO: array (
  'candidate-name' => 
  array (
    'data' => 'candidate-name',
    'name' => 'candidate-name',
    'title' => 'candidate name',
    'visible' => 'true',
    'orderable' => false,
  ),
)  
[2025-09-08 15:36:07] codecanyon.INFO: array (
  'candidate-name' => 
  array (
    'data' => 'candidate-name',
    'name' => 'candidate-name',
    'title' => 'candidate name',
    'visible' => 'true',
    'orderable' => false,
  ),
  'candidate-contact-details' => 
  array (
    'data' => 'candidate-contact-details',
    'name' => 'candidate-contact-details',
    'title' => 'Candidate contact details',
    'visible' => 'true',
    'orderable' => false,
  ),
)  
[2025-09-08 15:36:46] codecanyon.INFO: array (
  'candidate-name' => 
  array (
    'data' => 'candidate-name',
    'name' => 'candidate-name',
    'title' => 'candidate name',
    'visible' => 'true',
    'orderable' => false,
  ),
)  
[2025-09-08 15:36:46] codecanyon.INFO: array (
  'candidate-name' => 
  array (
    'data' => 'candidate-name',
    'name' => 'candidate-name',
    'title' => 'candidate name',
    'visible' => 'true',
    'orderable' => false,
  ),
  'candidate-contact-details' => 
  array (
    'data' => 'candidate-contact-details',
    'name' => 'candidate-contact-details',
    'title' => 'Candidate contact details',
    'visible' => 'true',
    'orderable' => false,
  ),
)  
[2025-09-08 15:37:33] codecanyon.INFO: array (
  'candidate-name' => 
  array (
    'data' => 'candidate-name',
    'name' => 'candidate-name',
    'title' => 'candidate name',
    'visible' => 'true',
    'orderable' => false,
  ),
)  
[2025-09-08 15:37:33] codecanyon.INFO: array (
  'candidate-name' => 
  array (
    'data' => 'candidate-name',
    'name' => 'candidate-name',
    'title' => 'candidate name',
    'visible' => 'true',
    'orderable' => false,
  ),
  'candidate-contact-details' => 
  array (
    'data' => 'candidate-contact-details',
    'name' => 'candidate-contact-details',
    'title' => 'Candidate contact details',
    'visible' => 'true',
    'orderable' => false,
  ),
)  
