[2025-08-29 07:22:13] codecanyon.INFO: array (
  'candidate-name' => 
  array (
    'data' => 'candidate-name',
    'name' => 'candidate-name',
    'title' => 'candidate name',
    'visible' => 'true',
    'orderable' => false,
  ),
)  
[2025-08-29 07:22:13] codecanyon.INFO: array (
  'candidate-name' => 
  array (
    'data' => 'candidate-name',
    'name' => 'candidate-name',
    'title' => 'candidate name',
    'visible' => 'true',
    'orderable' => false,
  ),
  'candidate-contact-details' => 
  array (
    'data' => 'candidate-contact-details',
    'name' => 'candidate-contact-details',
    'title' => 'Candidate contact details',
    'visible' => 'true',
    'orderable' => false,
  ),
)  
[2025-08-29 07:23:19] codecanyon.INFO: array (
  'candidate-name' => 
  array (
    'data' => 'candidate-name',
    'name' => 'candidate-name',
    'title' => 'candidate name',
    'visible' => 'true',
    'orderable' => false,
  ),
)  
[2025-08-29 07:23:19] codecanyon.INFO: array (
  'candidate-name' => 
  array (
    'data' => 'candidate-name',
    'name' => 'candidate-name',
    'title' => 'candidate name',
    'visible' => 'true',
    'orderable' => false,
  ),
  'candidate-contact-details' => 
  array (
    'data' => 'candidate-contact-details',
    'name' => 'candidate-contact-details',
    'title' => 'Candidate contact details',
    'visible' => 'true',
    'orderable' => false,
  ),
)  
[2025-08-29 07:23:51] codecanyon.INFO: array (
  'candidate-name' => 
  array (
    'data' => 'candidate-name',
    'name' => 'candidate-name',
    'title' => 'candidate name',
    'visible' => 'true',
    'orderable' => false,
  ),
)  
[2025-08-29 07:23:51] codecanyon.INFO: array (
  'candidate-name' => 
  array (
    'data' => 'candidate-name',
    'name' => 'candidate-name',
    'title' => 'candidate name',
    'visible' => 'true',
    'orderable' => false,
  ),
  'candidate-contact-details' => 
  array (
    'data' => 'candidate-contact-details',
    'name' => 'candidate-contact-details',
    'title' => 'Candidate contact details',
    'visible' => 'true',
    'orderable' => false,
  ),
)  
[2025-08-29 07:24:01] codecanyon.INFO: array (
  'candidate-name' => 
  array (
    'data' => 'candidate-name',
    'name' => 'candidate-name',
    'title' => 'candidate name',
    'visible' => 'true',
    'orderable' => false,
  ),
)  
[2025-08-29 07:24:01] codecanyon.INFO: array (
  'candidate-name' => 
  array (
    'data' => 'candidate-name',
    'name' => 'candidate-name',
    'title' => 'candidate name',
    'visible' => 'true',
    'orderable' => false,
  ),
  'candidate-contact-details' => 
  array (
    'data' => 'candidate-contact-details',
    'name' => 'candidate-contact-details',
    'title' => 'Candidate contact details',
    'visible' => 'true',
    'orderable' => false,
  ),
)  
[2025-08-29 07:24:35] codecanyon.INFO: array (
  'candidate-name' => 
  array (
    'data' => 'candidate-name',
    'name' => 'candidate-name',
    'title' => 'candidate name',
    'visible' => 'true',
    'orderable' => false,
  ),
)  
[2025-08-29 07:24:35] codecanyon.INFO: array (
  'candidate-name' => 
  array (
    'data' => 'candidate-name',
    'name' => 'candidate-name',
    'title' => 'candidate name',
    'visible' => 'true',
    'orderable' => false,
  ),
  'candidate-contact-details' => 
  array (
    'data' => 'candidate-contact-details',
    'name' => 'candidate-contact-details',
    'title' => 'Candidate contact details',
    'visible' => 'true',
    'orderable' => false,
  ),
)  
[2025-08-29 10:07:15] codecanyon.INFO: array (
  'candidate-name' => 
  array (
    'data' => 'candidate-name',
    'name' => 'candidate-name',
    'title' => 'candidate name',
    'visible' => 'true',
    'orderable' => false,
  ),
)  
[2025-08-29 10:07:15] codecanyon.INFO: array (
  'candidate-name' => 
  array (
    'data' => 'candidate-name',
    'name' => 'candidate-name',
    'title' => 'candidate name',
    'visible' => 'true',
    'orderable' => false,
  ),
  'candidate-contact-details' => 
  array (
    'data' => 'candidate-contact-details',
    'name' => 'candidate-contact-details',
    'title' => 'Candidate contact details',
    'visible' => 'true',
    'orderable' => false,
  ),
)  
[2025-08-29 10:07:22] codecanyon.INFO: array (
  'candidate-name' => 
  array (
    'data' => 'candidate-name',
    'name' => 'candidate-name',
    'title' => 'candidate name',
    'visible' => 'true',
    'orderable' => false,
  ),
)  
[2025-08-29 10:07:22] codecanyon.INFO: array (
  'candidate-name' => 
  array (
    'data' => 'candidate-name',
    'name' => 'candidate-name',
    'title' => 'candidate name',
    'visible' => 'true',
    'orderable' => false,
  ),
  'candidate-contact-details' => 
  array (
    'data' => 'candidate-contact-details',
    'name' => 'candidate-contact-details',
    'title' => 'Candidate contact details',
    'visible' => 'true',
    'orderable' => false,
  ),
)  
[2025-08-29 10:22:41] codecanyon.INFO: array (
  'candidate-name' => 
  array (
    'data' => 'candidate-name',
    'name' => 'candidate-name',
    'title' => 'candidate name',
    'visible' => 'true',
    'orderable' => false,
  ),
)  
[2025-08-29 10:22:41] codecanyon.INFO: array (
  'candidate-name' => 
  array (
    'data' => 'candidate-name',
    'name' => 'candidate-name',
    'title' => 'candidate name',
    'visible' => 'true',
    'orderable' => false,
  ),
  'candidate-contact-details' => 
  array (
    'data' => 'candidate-contact-details',
    'name' => 'candidate-contact-details',
    'title' => 'Candidate contact details',
    'visible' => 'true',
    'orderable' => false,
  ),
)  
[2025-08-29 10:23:19] codecanyon.INFO: array (
  'candidate-name' => 
  array (
    'data' => 'candidate-name',
    'name' => 'candidate-name',
    'title' => 'candidate name',
    'visible' => 'true',
    'orderable' => false,
  ),
)  
[2025-08-29 10:23:19] codecanyon.INFO: array (
  'candidate-name' => 
  array (
    'data' => 'candidate-name',
    'name' => 'candidate-name',
    'title' => 'candidate name',
    'visible' => 'true',
    'orderable' => false,
  ),
  'candidate-contact-details' => 
  array (
    'data' => 'candidate-contact-details',
    'name' => 'candidate-contact-details',
    'title' => 'Candidate contact details',
    'visible' => 'true',
    'orderable' => false,
  ),
)  
[2025-08-29 10:23:43] codecanyon.INFO: array (
  'candidate-name' => 
  array (
    'data' => 'candidate-name',
    'name' => 'candidate-name',
    'title' => 'candidate name',
    'visible' => 'true',
    'orderable' => false,
  ),
)  
[2025-08-29 10:23:43] codecanyon.INFO: array (
  'candidate-name' => 
  array (
    'data' => 'candidate-name',
    'name' => 'candidate-name',
    'title' => 'candidate name',
    'visible' => 'true',
    'orderable' => false,
  ),
  'candidate-contact-details' => 
  array (
    'data' => 'candidate-contact-details',
    'name' => 'candidate-contact-details',
    'title' => 'Candidate contact details',
    'visible' => 'true',
    'orderable' => false,
  ),
)  
[2025-08-29 15:24:09] codecanyon.INFO: array (
  'candidate-name' => 
  array (
    'data' => 'candidate-name',
    'name' => 'candidate-name',
    'title' => 'candidate name',
    'visible' => 'true',
    'orderable' => false,
  ),
)  
[2025-08-29 15:24:09] codecanyon.INFO: array (
  'candidate-name' => 
  array (
    'data' => 'candidate-name',
    'name' => 'candidate-name',
    'title' => 'candidate name',
    'visible' => 'true',
    'orderable' => false,
  ),
  'candidate-contact-details' => 
  array (
    'data' => 'candidate-contact-details',
    'name' => 'candidate-contact-details',
    'title' => 'Candidate contact details',
    'visible' => 'true',
    'orderable' => false,
  ),
)  
[2025-08-29 15:57:09] codecanyon.INFO: array (
  'candidate-name' => 
  array (
    'data' => 'candidate-name',
    'name' => 'candidate-name',
    'title' => 'candidate name',
    'visible' => 'true',
    'orderable' => false,
  ),
)  
[2025-08-29 15:57:09] codecanyon.INFO: array (
  'candidate-name' => 
  array (
    'data' => 'candidate-name',
    'name' => 'candidate-name',
    'title' => 'candidate name',
    'visible' => 'true',
    'orderable' => false,
  ),
  'candidate-contact-details' => 
  array (
    'data' => 'candidate-contact-details',
    'name' => 'candidate-contact-details',
    'title' => 'Candidate contact details',
    'visible' => 'true',
    'orderable' => false,
  ),
)  
