[2025-09-09 10:00:14] codecanyon.INFO: array (
  'candidate-name' => 
  array (
    'data' => 'candidate-name',
    'name' => 'candidate-name',
    'title' => 'candidate name',
    'visible' => 'true',
    'orderable' => false,
  ),
)  
[2025-09-09 10:00:14] codecanyon.INFO: array (
  'candidate-name' => 
  array (
    'data' => 'candidate-name',
    'name' => 'candidate-name',
    'title' => 'candidate name',
    'visible' => 'true',
    'orderable' => false,
  ),
  'candidate-contact-details' => 
  array (
    'data' => 'candidate-contact-details',
    'name' => 'candidate-contact-details',
    'title' => 'Candidate contact details',
    'visible' => 'true',
    'orderable' => false,
  ),
)  
[2025-09-09 10:08:52] codecanyon.INFO: array (
  'candidate-name' => 
  array (
    'data' => 'candidate-name',
    'name' => 'candidate-name',
    'title' => 'candidate name',
    'visible' => 'true',
    'orderable' => false,
  ),
)  
[2025-09-09 10:08:52] codecanyon.INFO: array (
  'candidate-name' => 
  array (
    'data' => 'candidate-name',
    'name' => 'candidate-name',
    'title' => 'candidate name',
    'visible' => 'true',
    'orderable' => false,
  ),
  'candidate-contact-details' => 
  array (
    'data' => 'candidate-contact-details',
    'name' => 'candidate-contact-details',
    'title' => 'Candidate contact details',
    'visible' => 'true',
    'orderable' => false,
  ),
)  
[2025-09-09 16:36:14] codecanyon.INFO: array (
  'candidate-name' => 
  array (
    'data' => 'candidate-name',
    'name' => 'candidate-name',
    'title' => 'candidate name',
    'visible' => 'true',
    'orderable' => false,
  ),
)  
[2025-09-09 16:36:14] codecanyon.INFO: array (
  'candidate-name' => 
  array (
    'data' => 'candidate-name',
    'name' => 'candidate-name',
    'title' => 'candidate name',
    'visible' => 'true',
    'orderable' => false,
  ),
  'candidate-contact-details' => 
  array (
    'data' => 'candidate-contact-details',
    'name' => 'candidate-contact-details',
    'title' => 'Candidate contact details',
    'visible' => 'true',
    'orderable' => false,
  ),
)  
[2025-09-09 16:36:42] codecanyon.INFO: array (
  'candidate-name' => 
  array (
    'data' => 'candidate-name',
    'name' => 'candidate-name',
    'title' => 'candidate name',
    'visible' => 'true',
    'orderable' => false,
  ),
)  
[2025-09-09 16:36:42] codecanyon.INFO: array (
  'candidate-name' => 
  array (
    'data' => 'candidate-name',
    'name' => 'candidate-name',
    'title' => 'candidate name',
    'visible' => 'true',
    'orderable' => false,
  ),
  'candidate-contact-details' => 
  array (
    'data' => 'candidate-contact-details',
    'name' => 'candidate-contact-details',
    'title' => 'Candidate contact details',
    'visible' => 'true',
    'orderable' => false,
  ),
)  
[2025-09-09 16:38:07] codecanyon.INFO: array (
  'candidate-name' => 
  array (
    'data' => 'candidate-name',
    'name' => 'candidate-name',
    'title' => 'candidate name',
    'visible' => 'true',
    'orderable' => false,
  ),
)  
[2025-09-09 16:38:07] codecanyon.INFO: array (
  'candidate-name' => 
  array (
    'data' => 'candidate-name',
    'name' => 'candidate-name',
    'title' => 'candidate name',
    'visible' => 'true',
    'orderable' => false,
  ),
  'candidate-contact-details' => 
  array (
    'data' => 'candidate-contact-details',
    'name' => 'candidate-contact-details',
    'title' => 'Candidate contact details',
    'visible' => 'true',
    'orderable' => false,
  ),
)  
