[2025-09-06 08:22:30] codecanyon.INFO: array (
  'candidate-name' => 
  array (
    'data' => 'candidate-name',
    'name' => 'candidate-name',
    'title' => 'candidate name',
    'visible' => 'true',
    'orderable' => false,
  ),
)  
[2025-09-06 08:22:30] codecanyon.INFO: array (
  'candidate-name' => 
  array (
    'data' => 'candidate-name',
    'name' => 'candidate-name',
    'title' => 'candidate name',
    'visible' => 'true',
    'orderable' => false,
  ),
  'candidate-contact-details' => 
  array (
    'data' => 'candidate-contact-details',
    'name' => 'candidate-contact-details',
    'title' => 'Candidate contact details',
    'visible' => 'true',
    'orderable' => false,
  ),
)  
[2025-09-06 08:23:02] codecanyon.INFO: array (
  'candidate-name' => 
  array (
    'data' => 'candidate-name',
    'name' => 'candidate-name',
    'title' => 'candidate name',
    'visible' => 'true',
    'orderable' => false,
  ),
)  
[2025-09-06 08:23:02] codecanyon.INFO: array (
  'candidate-name' => 
  array (
    'data' => 'candidate-name',
    'name' => 'candidate-name',
    'title' => 'candidate name',
    'visible' => 'true',
    'orderable' => false,
  ),
  'candidate-contact-details' => 
  array (
    'data' => 'candidate-contact-details',
    'name' => 'candidate-contact-details',
    'title' => 'Candidate contact details',
    'visible' => 'true',
    'orderable' => false,
  ),
)  
[2025-09-06 08:23:10] codecanyon.INFO: array (
  'candidate-name' => 
  array (
    'data' => 'candidate-name',
    'name' => 'candidate-name',
    'title' => 'candidate name',
    'visible' => 'true',
    'orderable' => false,
  ),
)  
[2025-09-06 08:23:10] codecanyon.INFO: array (
  'candidate-name' => 
  array (
    'data' => 'candidate-name',
    'name' => 'candidate-name',
    'title' => 'candidate name',
    'visible' => 'true',
    'orderable' => false,
  ),
  'candidate-contact-details' => 
  array (
    'data' => 'candidate-contact-details',
    'name' => 'candidate-contact-details',
    'title' => 'Candidate contact details',
    'visible' => 'true',
    'orderable' => false,
  ),
)  
